# JRE version: 7.0_13-b20
# Java VM: Java HotSpot(TM) 64-Bit Server VM (23.7-b01 mixed mode bsd-amd64 compressed oops)
Heap
 def new generation   total 4672K, used 2507K [0x00000007eba00000, 0x00000007ebf10000, 0x00000007f0b50000)
  eden space 4160K,  47% used [0x00000007eba00000, 0x00000007ebbf2c30, 0x00000007ebe10000)
  from space 512K, 100% used [0x00000007ebe10000, 0x00000007ebe90000, 0x00000007ebe90000)
  to   space 512K,   0% used [0x00000007ebe90000, 0x00000007ebe90000, 0x00000007ebf10000)
 tenured generation   total 10432K, used 1336K [0x00000007f0b50000, 0x00000007f1580000, 0x00000007fae00000)
   the space 10432K,  12% used [0x00000007f0b50000, 0x00000007f0c9e220, 0x00000007f0c9e400, 0x00000007f1580000)
 compacting perm gen  total 21248K, used 6464K [0x00000007fae00000, 0x00000007fc2c0000, 0x0000000800000000)
   the space 21248K,  30% used [0x00000007fae00000, 0x00000007fb450230, 0x00000007fb450400, 0x00000007fc2c0000)
GC Heap History (4 events):
Event: 0.271 GC heap before
{Heap before GC invocations=0 (full 0):
 def new generation   total 4672K, used 4160K [0x00000007eba00000, 0x00000007ebf10000, 0x00000007f0b50000)
  eden space 4160K, 100% used [0x00000007eba00000, 0x00000007ebe10000, 0x00000007ebe10000)
  from space 512K,   0% used [0x00000007ebe10000, 0x00000007ebe10000, 0x00000007ebe90000)
  to   space 512K,   0% used [0x00000007ebe90000, 0x00000007ebe90000, 0x00000007ebf10000)
 tenured generation   total 10432K, used 0K [0x00000007f0b50000, 0x00000007f1580000, 0x00000007fae00000)
   the space 10432K,   0% used [0x00000007f0b50000, 0x00000007f0b50000, 0x00000007f0b50200, 0x00000007f1580000)
 compacting perm gen  total 21248K, used 4412K [0x00000007fae00000, 0x00000007fc2c0000, 0x0000000800000000)
   the space 21248K,  20% used [0x00000007fae00000, 0x00000007fb24f290, 0x00000007fb24f400, 0x00000007fc2c0000)
No shared spaces configured.
Event: 0.274 GC heap after
Heap after GC invocations=1 (full 0):
 def new generation   total 4672K, used 511K [0x00000007eba00000, 0x00000007ebf10000, 0x00000007f0b50000)
  eden space 4160K,   0% used [0x00000007eba00000, 0x00000007eba00000, 0x00000007ebe10000)
  from space 512K,  99% used [0x00000007ebe90000, 0x00000007ebf0fff8, 0x00000007ebf10000)
  to   space 512K,   0% used [0x00000007ebe10000, 0x00000007ebe10000, 0x00000007ebe90000)
 tenured generation   total 10432K, used 477K [0x00000007f0b50000, 0x00000007f1580000, 0x00000007fae00000)
   the space 10432K,   4% used [0x00000007f0b50000, 0x00000007f0bc7678, 0x00000007f0bc7800, 0x00000007f1580000)
 compacting perm gen  total 21248K, used 4412K [0x00000007fae00000, 0x00000007fc2c0000, 0x0000000800000000)
   the space 21248K,  20% used [0x00000007fae00000, 0x00000007fb24f290, 0x00000007fb24f400, 0x00000007fc2c0000)
No shared spaces configured.
}
Event: 0.441 GC heap before
{Heap before GC invocations=1 (full 0):
 def new generation   total 4672K, used 4671K [0x00000007eba00000, 0x00000007ebf10000, 0x00000007f0b50000)
  eden space 4160K, 100% used [0x00000007eba00000, 0x00000007ebe10000, 0x00000007ebe10000)
  from space 512K,  99% used [0x00000007ebe90000, 0x00000007ebf0fff8, 0x00000007ebf10000)
  to   space 512K,   0% used [0x00000007ebe10000, 0x00000007ebe10000, 0x00000007ebe90000)
 tenured generation   total 10432K, used 477K [0x00000007f0b50000, 0x00000007f1580000, 0x00000007fae00000)
   the space 10432K,   4% used [0x00000007f0b50000, 0x00000007f0bc7678, 0x00000007f0bc7800, 0x00000007f1580000)
 compacting perm gen  total 21248K, used 6048K [0x00000007fae00000, 0x00000007fc2c0000, 0x0000000800000000)
   the space 21248K,  28% used [0x00000007fae00000, 0x00000007fb3e81f8, 0x00000007fb3e8200, 0x00000007fc2c0000)
No shared spaces configured.
Event: 0.445 GC heap after
Heap after GC invocations=2 (full 0):
 def new generation   total 4672K, used 512K [0x00000007eba00000, 0x00000007ebf10000, 0x00000007f0b50000)
  eden space 4160K,   0% used [0x00000007eba00000, 0x00000007eba00000, 0x00000007ebe10000)
  from space 512K, 100% used [0x00000007ebe10000, 0x00000007ebe90000, 0x00000007ebe90000)
  to   space 512K,   0% used [0x00000007ebe90000, 0x00000007ebe90000, 0x00000007ebf10000)
 tenured generation   total 10432K, used 1336K [0x00000007f0b50000, 0x00000007f1580000, 0x00000007fae00000)
   the space 10432K,  12% used [0x00000007f0b50000, 0x00000007f0c9e220, 0x00000007f0c9e400, 0x00000007f1580000)
 compacting perm gen  total 21248K, used 6048K [0x00000007fae00000, 0x00000007fc2c0000, 0x0000000800000000)
   the space 21248K,  28% used [0x00000007fae00000, 0x00000007fb3e81f8, 0x00000007fb3e8200, 0x00000007fc2c0000)
No shared spaces configured.
}

